<?xml version="1.0" encoding="utf-8"?><testsuites name="pytest tests"><testsuite name="pytest" errors="0" failures="0" skipped="0" tests="40" time="2.673" timestamp="2026-05-01T08:51:16.717571+00:00" hostname="agent-env-c51c7216-48fc-4a0f-9f60-5e4863b2c691"><testcase classname="backend.tests.backend_test" name="test_health" time="0.258" /><testcase classname="backend.tests.backend_test.TestAuthOTP" name="test_send_otp" time="0.046" /><testcase classname="backend.tests.backend_test.TestAuthOTP" name="test_verify_otp_invalid" time="0.046" /><testcase classname="backend.tests.backend_test.TestAuthOTP" name="test_verify_otp_creates_user" time="0.046" /><testcase classname="backend.tests.backend_test.TestRoleAndMe" name="test_set_role_customer" time="0.045" /><testcase classname="backend.tests.backend_test.TestRoleAndMe" name="test_set_role_invalid" time="0.045" /><testcase classname="backend.tests.backend_test.TestRoleAndMe" name="test_me_customer" time="0.045" /><testcase classname="backend.tests.backend_test.TestRoleAndMe" name="test_me_no_token" time="0.044" /><testcase classname="backend.tests.backend_test.TestRoleAndMe" name="test_artist_login_set_role" time="0.093" /><testcase classname="backend.tests.backend_test.TestArtistProfile" name="test_create_profile_requires_artist_role" time="0.048" /><testcase classname="backend.tests.backend_test.TestArtistProfile" name="test_artist_create_profile" time="0.044" /><testcase classname="backend.tests.backend_test.TestArtistProfile" name="test_artist_upsert_profile" time="0.050" /><testcase classname="backend.tests.backend_test.TestArtistProfile" name="test_list_artists" time="0.048" /><testcase classname="backend.tests.backend_test.TestArtistProfile" name="test_filter_by_category" time="0.045" /><testcase classname="backend.tests.backend_test.TestArtistProfile" name="test_filter_min_followers" time="0.048" /><testcase classname="backend.tests.backend_test.TestArtistProfile" name="test_search_q" time="0.045" /><testcase classname="backend.tests.backend_test.TestArtistProfile" name="test_get_artist_by_id" time="0.047" /><testcase classname="backend.tests.backend_test.TestArtistProfile" name="test_get_artist_404" time="0.045" /><testcase classname="backend.tests.backend_test.TestArtistProfile" name="test_featured" time="0.058" /><testcase classname="backend.tests.backend_test.TestArtistProfile" name="test_artist_private_view" time="0.047" /><testcase classname="backend.tests.backend_test.TestRequirements" name="test_create_requirement" time="0.053" /><testcase classname="backend.tests.backend_test.TestRequirements" name="test_artist_cannot_create_requirement" time="0.045" /><testcase classname="backend.tests.backend_test.TestRequirements" name="test_customer_sees_own" time="0.046" /><testcase classname="backend.tests.backend_test.TestRequirements" name="test_artist_sees_open_in_category" time="0.045" /><testcase classname="backend.tests.backend_test.TestWalletBookings" name="test_wallet_initial" time="0.046" /><testcase classname="backend.tests.backend_test.TestWalletBookings" name="test_wallet_add" time="0.045" /><testcase classname="backend.tests.backend_test.TestWalletBookings" name="test_wallet_invalid_amount" time="0.046" /><testcase classname="backend.tests.backend_test.TestWalletBookings" name="test_create_booking" time="0.053" /><testcase classname="backend.tests.backend_test.TestWalletBookings" name="test_pay_booking" time="0.146" /><testcase classname="backend.tests.backend_test.TestWalletBookings" name="test_pay_again_fails" time="0.047" /><testcase classname="backend.tests.backend_test.TestWalletBookings" name="test_artist_sees_booking" time="0.048" /><testcase classname="backend.tests.backend_test.TestWalletBookings" name="test_mark_completed" time="0.047" /><testcase classname="backend.tests.backend_test.TestWalletBookings" name="test_review_only_completed" time="0.102" /><testcase classname="backend.tests.backend_test.TestWalletBookings" name="test_review_invalid_rating" time="0.190" /><testcase classname="backend.tests.backend_test.TestAdmin" name="test_admin_login_invalid" time="0.044" /><testcase classname="backend.tests.backend_test.TestAdmin" name="test_admin_login" time="0.045" /><testcase classname="backend.tests.backend_test.TestAdmin" name="test_admin_required_for_pending" time="0.049" /><testcase classname="backend.tests.backend_test.TestAdmin" name="test_pending_verifications" time="0.043" /><testcase classname="backend.tests.backend_test.TestAdmin" name="test_verify_artist_approve" time="0.090" /><testcase classname="backend.tests.backend_test.TestAdmin" name="test_admin_stats" time="0.048" /></testsuite></testsuites>